<?xml version="1.0" encoding="UTF-8"?>
<!-- Generated by org.testng.reporters.JUnitReportReporter -->
<testsuite skipped="0" hostname="NTINLTP2001241" name="testCase.TC_005_POST_Example" tests="1" failures="0" timestamp="03 Apr 2020 07:35:01 GMT" time="1.989" errors="0">
  <testcase name="RegistrationSuccessful" time="1.989" classname="testCase.TC_005_POST_Example"/>
</testsuite> <!-- testCase.TC_005_POST_Example -->
