<?xml version="1.0" encoding="UTF-8"?>
<!-- Generated by org.testng.reporters.JUnitReportReporter -->
<testsuite hostname="NTINLTP2001241" name="testCase.TC_008_HasItem_Example" tests="1" failures="0" timestamp="8 Apr 2020 04:05:30 GMT" time="2.318" errors="0">
  <testcase name="hasItem" time="2.318" classname="testCase.TC_008_HasItem_Example"/>
</testsuite> <!-- testCase.TC_008_HasItem_Example -->
