<?xml version="1.0" encoding="UTF-8"?>
<!-- Generated by org.testng.reporters.JUnitReportReporter -->
<testsuite skipped="0" hostname="NTINLTP2001241" name="testCase.TC_003_Authentication_Example_With_BaseClass" tests="1" failures="0" timestamp="31 Mar 2020 05:34:10 GMT" time="3.458" errors="0">
  <testcase name="authenticateExample" time="3.458" classname="testCase.TC_003_Authentication_Example_With_BaseClass"/>
</testsuite> <!-- testCase.TC_003_Authentication_Example_With_BaseClass -->
