<?xml version="1.0" encoding="UTF-8"?>
<!-- Generated by org.testng.reporters.JUnitReportReporter -->
<testsuite skipped="0" hostname="NTINLTP2001241" name="testCase.TC_001_GetAllListOfEmployees" tests="1" failures="0" timestamp="30 Mar 2020 05:43:27 GMT" time="4.172" errors="0">
  <testcase name="getAllEmployees" time="4.172" classname="testCase.TC_001_GetAllListOfEmployees"/>
</testsuite> <!-- testCase.TC_001_GetAllListOfEmployees -->
