<?xml version="1.0" encoding="UTF-8"?>
<!-- Generated by org.testng.reporters.JUnitReportReporter -->
<testsuite skipped="0" hostname="NTINLTP2001241" name="testCase.TC_007_Delete_Example" tests="1" failures="0" timestamp="03 Apr 2020 06:05:08 GMT" time="1.525" errors="0">
  <testcase name="putEx" time="1.525" classname="testCase.TC_007_Delete_Example"/>
</testsuite> <!-- testCase.TC_007_Delete_Example -->
