<?xml version="1.0" encoding="UTF-8"?>
<!-- Generated by org.testng.reporters.JUnitReportReporter -->
<testsuite skipped="0" hostname="NTINLTP2001241" name="testCase.TC_003_Get_Example" tests="1" failures="0" timestamp="03 Apr 2020 07:02:33 GMT" time="3.167" errors="0">
  <testcase name="fetchResponse" time="3.167" classname="testCase.TC_003_Get_Example"/>
</testsuite> <!-- testCase.TC_003_Get_Example -->
