<?xml version="1.0" encoding="UTF-8"?>
<!-- Generated by org.testng.reporters.JUnitReportReporter -->
<testsuite skipped="0" hostname="NTINLTP2001241" name="testCase.RestAssuredAuthenticaiton" tests="1" failures="0" timestamp="31 Mar 2020 05:19:41 GMT" time="2.695" errors="0">
  <testcase name="authenticateExample" time="2.695" classname="testCase.RestAssuredAuthenticaiton"/>
</testsuite> <!-- testCase.RestAssuredAuthenticaiton -->
