<?xml version="1.0" encoding="UTF-8"?>
<!-- Generated by org.testng.reporters.JUnitReportReporter -->
<testsuite skipped="0" hostname="NTINLTP2001241" name="testCase.TC_004_ValidateResponse_Header" tests="1" failures="0" timestamp="03 Apr 2020 07:03:24 GMT" time="2.906" errors="0">
  <testcase name="GetWeatherHeaders" time="2.906" classname="testCase.TC_004_ValidateResponse_Header"/>
</testsuite> <!-- testCase.TC_004_ValidateResponse_Header -->
