<?xml version="1.0" encoding="UTF-8"?>
<!-- Generated by org.testng.reporters.JUnitReportReporter -->
<testsuite hostname="NTINLTP2001241" name="testCase.TC_009_RequestBuilder_Example" tests="1" failures="0" timestamp="8 Apr 2020 06:16:59 GMT" time="2.926" errors="0">
  <testcase name="test01" time="2.926" classname="testCase.TC_009_RequestBuilder_Example"/>
</testsuite> <!-- testCase.TC_009_RequestBuilder_Example -->
