<?xml version="1.0" encoding="UTF-8"?>
<!-- Generated by org.testng.reporters.JUnitReportReporter -->
<testsuite hostname="DESKTOP-AK5QVK5" failures="0" tests="1" name="TestCases.TC_003_ValiadateResponse_Header" time="3.646" errors="0" timestamp="2020-04-06T12:06:59 IST" skipped="0">
  <testcase classname="TestCases.TC_003_ValiadateResponse_Header" name="ValidateResponseNodeWise" time="3.646"/>
</testsuite> <!-- TestCases.TC_003_ValiadateResponse_Header -->
