<?xml version="1.0" encoding="UTF-8"?>
<!-- Generated by org.testng.reporters.JUnitReportReporter -->
<testsuite hostname="DESKTOP-AK5QVK5" failures="0" tests="1" name="TestCases.TC_006_Patch_Service" time="5.933" errors="0" timestamp="2020-04-15T13:02:26 IST" skipped="0">
  <testcase classname="TestCases.TC_006_Patch_Service" name="userDeleteDervice" time="5.933"/>
</testsuite> <!-- TestCases.TC_006_Patch_Service -->
