<?xml version="1.0" encoding="UTF-8"?>
<!-- Generated by org.testng.reporters.JUnitReportReporter -->
<testsuite hostname="DESKTOP-AK5QVK5" failures="0" tests="1" name="TestCases.TC_005_PUT_Service" time="24.001" errors="0" timestamp="2020-04-15T11:47:23 IST" skipped="0">
  <testcase classname="TestCases.TC_005_PUT_Service" name="userdetailsUpdate" time="24.001"/>
</testsuite> <!-- TestCases.TC_005_PUT_Service -->
