<?xml version="1.0" encoding="UTF-8"?>
<!-- Generated by org.testng.reporters.JUnitReportReporter -->
<testsuite hostname="DESKTOP-AK5QVK5" failures="0" tests="4" name="TestCases.TC_002_Get_response" time="7.390" errors="0" timestamp="2020-04-14T18:59:11 IST" skipped="0">
  <testcase classname="TestCases.TC_002_Get_response" name="getAllFetchResponse" time="3.482"/>
  <testcase classname="TestCases.TC_002_Get_response" name="paraPassResponse" time="1.492"/>
  <testcase classname="TestCases.TC_002_Get_response" name="getCall" time="1.393"/>
  <testcase classname="TestCases.TC_002_Get_response" name="getJsonBodyResponse" time="1.023"/>
</testsuite> <!-- TestCases.TC_002_Get_response -->
