<?xml version="1.0" encoding="UTF-8"?>
<!-- Generated by org.testng.reporters.JUnitReportReporter -->
<testsuite hostname="DESKTOP-AK5QVK5" failures="0" tests="1" name="TestCases.TC_004_POST_Example" time="5.602" errors="0" timestamp="2020-04-15T11:01:17 IST" skipped="0">
  <testcase classname="TestCases.TC_004_POST_Example" name="adduserdetails" time="5.602"/>
</testsuite> <!-- TestCases.TC_004_POST_Example -->
