<?xml version="1.0" encoding="UTF-8"?>
<!-- Generated by org.testng.reporters.JUnitReportReporter -->
<testsuite hostname="DESKTOP-AK5QVK5" failures="0" tests="2" name="TestCases.TC_001_Authentication_with_base_class" time="5.808" errors="0" timestamp="2020-04-13T13:36:03 IST" skipped="0">
  <testcase classname="TestCases.TC_001_Authentication_with_base_class" name="testBasic" time="4.552"/>
  <testcase classname="TestCases.TC_001_Authentication_with_base_class" name="testBasicAllResponse" time="1.256"/>
</testsuite> <!-- TestCases.TC_001_Authentication_with_base_class -->
