<?xml version="1.0" encoding="UTF-8"?>
<!-- Generated by org.testng.reporters.JUnitReportReporter -->
<testsuite hostname="DESKTOP-AK5QVK5" failures="0" tests="3" name="TestCases.TC_003_ValiadateResponse_HeaderAndBody" time="7.692" errors="0" timestamp="2020-04-13T16:53:40 IST" skipped="0">
  <testcase classname="TestCases.TC_003_ValiadateResponse_HeaderAndBody" name="AllResponseFrom_HeaderAndBody" time="3.361"/>
  <testcase classname="TestCases.TC_003_ValiadateResponse_HeaderAndBody" name="NoidewiseResponsefromJsonBody" time="2.445"/>
  <testcase classname="TestCases.TC_003_ValiadateResponse_HeaderAndBody" name="ValidateResponse_NodeWiseOfHeader" time="1.886"/>
</testsuite> <!-- TestCases.TC_003_ValiadateResponse_HeaderAndBody -->
