<?xml version="1.0" encoding="UTF-8"?>
<!-- Generated by org.testng.reporters.JUnitReportReporter -->
<testsuite hostname="DESKTOP-AK5QVK5" failures="0" tests="3" name="TestCases.TC_001_Authentication_without_base_class" time="10.071" errors="0" timestamp="2020-04-13T11:02:13 IST" skipped="0">
  <testcase classname="TestCases.TC_001_Authentication_without_base_class" name="auth_preemptive_Authentication" time="1.025"/>
  <testcase classname="TestCases.TC_001_Authentication_without_base_class" name="auth_Digestive_Authentication" time="4.814"/>
  <testcase classname="TestCases.TC_001_Authentication_without_base_class" name="auth_basic_Authentication" time="4.232"/>
</testsuite> <!-- TestCases.TC_001_Authentication_without_base_class -->
