<?xml version="1.0" encoding="UTF-8"?>
<!-- Generated by org.testng.reporters.JUnitReportReporter -->
<testsuite hostname="DESKTOP-AK5QVK5" failures="0" tests="1" name="TestCases.TC_007_Delete_Service" time="3.697" errors="0" timestamp="2020-04-15T14:22:40 IST" skipped="0">
  <testcase classname="TestCases.TC_007_Delete_Service" name="userDeleteService" time="3.697"/>
</testsuite> <!-- TestCases.TC_007_Delete_Service -->
